<?xml version="1.0" encoding="utf-8"?><testsuites name="pytest tests"><testsuite name="pytest" errors="0" failures="0" skipped="0" tests="9" time="3.588" timestamp="2026-03-31T17:49:05.352031+00:00" hostname="agent-env-1f4ddc91-dab6-49bd-9c23-e4ba1cc433ff"><testcase classname="backend.tests.test_media_system_iter24.TestMediaSystem" name="test_get_public_media" time="0.638" /><testcase classname="backend.tests.test_media_system_iter24.TestMediaSystem" name="test_get_admin_media" time="0.668" /><testcase classname="backend.tests.test_media_system_iter24.TestMediaSystem" name="test_add_media_with_url" time="0.233" /><testcase classname="backend.tests.test_media_system_iter24.TestMediaSystem" name="test_add_media_with_base64" time="0.592" /><testcase classname="backend.tests.test_media_system_iter24.TestMediaSystem" name="test_add_media_requires_url_or_base64" time="0.172" /><testcase classname="backend.tests.test_media_system_iter24.TestMediaSystem" name="test_delete_media" time="0.690" /><testcase classname="backend.tests.test_media_system_iter24.TestMediaSystem" name="test_delete_nonexistent_media" time="0.192" /><testcase classname="backend.tests.test_media_system_iter24.TestMediaAccessControl" name="test_admin_media_requires_auth" time="0.113" /><testcase classname="backend.tests.test_media_system_iter24.TestMediaAccessControl" name="test_admin_media_requires_admin_role" time="0.216" /></testsuite></testsuites>