<?xml version="1.0" encoding="utf-8"?><testsuites name="pytest tests"><testsuite name="pytest" errors="0" failures="0" skipped="0" tests="9" time="1.834" timestamp="2026-04-07T01:23:40.268469+00:00" hostname="agent-env-1f4ddc91-dab6-49bd-9c23-e4ba1cc433ff"><testcase classname="backend.tests.test_slogan_and_store.TestAppConfig" name="test_get_app_config_returns_correct_tagline" time="0.223" /><testcase classname="backend.tests.test_slogan_and_store.TestAppConfig" name="test_app_config_has_app_name" time="0.112" /><testcase classname="backend.tests.test_slogan_and_store.TestAdminAppStore" name="test_get_admin_app_store_requires_auth" time="0.133" /><testcase classname="backend.tests.test_slogan_and_store.TestAdminAppStore" name="test_get_admin_app_store_returns_config" time="0.230" /><testcase classname="backend.tests.test_slogan_and_store.TestAdminAppStore" name="test_put_admin_app_store_updates_config" time="0.506" /><testcase classname="backend.tests.test_slogan_and_store.TestAdminAppStore" name="test_put_admin_app_store_requires_auth" time="0.177" /><testcase classname="backend.tests.test_slogan_and_store.TestLegalDocuments" name="test_get_legal_returns_5_documents" time="0.116" /><testcase classname="backend.tests.test_slogan_and_store.TestClientAuth" name="test_client_login" time="0.143" /><testcase classname="backend.tests.test_slogan_and_store.TestEstablishmentAuth" name="test_establishment_login" time="0.123" /></testsuite></testsuites>