<?xml version="1.0" encoding="utf-8"?><testsuites name="pytest tests"><testsuite name="pytest" errors="0" failures="0" skipped="0" tests="9" time="4.046" timestamp="2026-03-28T20:09:15.287926+00:00" hostname="agent-env-1f4ddc91-dab6-49bd-9c23-e4ba1cc433ff"><testcase classname="backend.tests.test_credit_flow.TestHealthCheck" name="test_health_endpoint" time="0.281" /><testcase classname="backend.tests.test_credit_flow.TestClientCreditsAndTokens" name="test_get_me_returns_balance" time="0.265" /><testcase classname="backend.tests.test_credit_flow.TestQRGenerationWithCredits" name="test_qr_generate_saves_credits_used" time="0.358" /><testcase classname="backend.tests.test_credit_flow.TestQRGenerationWithCredits" name="test_qr_generate_deducts_credits_from_wallet" time="0.531" /><testcase classname="backend.tests.test_credit_flow.TestVouchersMy" name="test_vouchers_my_returns_price_fields" time="0.292" /><testcase classname="backend.tests.test_credit_flow.TestVoucherCancel" name="test_cancel_active_voucher_refunds_credits" time="0.652" /><testcase classname="backend.tests.test_credit_flow.TestVoucherCancel" name="test_cancel_used_voucher_fails" time="0.363" /><testcase classname="backend.tests.test_credit_flow.TestVoucherCancel" name="test_cancel_already_cancelled_voucher_fails" time="0.425" /><testcase classname="backend.tests.test_credit_flow.TestQRValidationCreditsTransfer" name="test_validate_transfers_credits_to_establishment" time="0.771" /></testsuite></testsuites>