<?xml version="1.0" encoding="utf-8"?><testsuites name="pytest tests"><testsuite name="pytest" errors="0" failures="0" skipped="1" tests="10" time="1.973" timestamp="2026-04-01T23:59:38.963347+00:00" hostname="agent-env-1f4ddc91-dab6-49bd-9c23-e4ba1cc433ff"><testcase classname="backend.tests.test_withdrawal_pix_iter29.TestPixAndWithdrawal" name="test_01_put_pix_data_saves_correctly" time="0.339" /><testcase classname="backend.tests.test_withdrawal_pix_iter29.TestPixAndWithdrawal" name="test_02_get_financial_returns_pix_data" time="0.120" /><testcase classname="backend.tests.test_withdrawal_pix_iter29.TestPixAndWithdrawal" name="test_03_withdraw_rejects_if_balance_zero" time="0.124"><skipped type="pytest.skip" message="Balance is 21.5, cannot test zero balance rejection">/app/backend/tests/test_withdrawal_pix_iter29.py:146: Balance is 21.5, cannot test zero balance rejection</skipped></testcase><testcase classname="backend.tests.test_withdrawal_pix_iter29.TestPixAndWithdrawal" name="test_04_withdraw_rejects_invalid_amount" time="0.109" /><testcase classname="backend.tests.test_withdrawal_pix_iter29.TestPixAndWithdrawal" name="test_05_withdraw_rejects_negative_amount" time="0.112" /><testcase classname="backend.tests.test_withdrawal_pix_iter29.TestPixAndWithdrawal" name="test_06_check_pending_withdrawal_status" time="0.109" /><testcase classname="backend.tests.test_withdrawal_pix_iter29.TestPixAndWithdrawal" name="test_07_withdraw_creates_pending_request_or_rejects_duplicate" time="0.253" /><testcase classname="backend.tests.test_withdrawal_pix_iter29.TestPixAndWithdrawal" name="test_08_admin_get_withdrawals_returns_pending_requests" time="0.228" /><testcase classname="backend.tests.test_withdrawal_pix_iter29.TestPixAndWithdrawal" name="test_09_withdraw_rejects_exceeding_balance" time="0.225" /><testcase classname="backend.tests.test_withdrawal_pix_iter29.TestRegistrationSkip" name="test_create_establishment_minimal_data" time="0.264" /></testsuite></testsuites>