<?xml version="1.0" encoding="utf-8"?><testsuites name="pytest tests"><testsuite name="pytest" errors="0" failures="0" skipped="6" tests="13" time="2.701" timestamp="2026-04-15T13:25:13.364562+00:00" hostname="agent-env-1f4ddc91-dab6-49bd-9c23-e4ba1cc433ff"><testcase classname="backend.tests.test_iteration_51.TestAppConfig" name="test_app_config_returns_video_fields" time="0.157" /><testcase classname="backend.tests.test_iteration_51.TestAccountDeletion" name="test_account_deletion_returns_html" time="0.147" /><testcase classname="backend.tests.test_iteration_51.TestAdminAppVideos" name="test_get_app_videos" time="0.287" /><testcase classname="backend.tests.test_iteration_51.TestAdminAppVideos" name="test_update_app_videos" time="0.390" /><testcase classname="backend.tests.test_iteration_51.TestAdminAppVideos" name="test_app_videos_requires_admin" time="0.417" /><testcase classname="backend.tests.test_iteration_51.TestAdminAllOffers" name="test_get_all_offers_returns_enriched_data" time="0.124"><skipped type="pytest.skip" message="Could not get admin token">/app/backend/tests/test_iteration_51.py:147: Could not get admin token</skipped></testcase><testcase classname="backend.tests.test_iteration_51.TestAdminUpdateOffer" name="test_update_offer_title_city_description" time="0.118"><skipped type="pytest.skip" message="Could not get admin token">/app/backend/tests/test_iteration_51.py:180: Could not get admin token</skipped></testcase><testcase classname="backend.tests.test_iteration_51.TestAuthSessionIntendedRole" name="test_session_accepts_intended_role_client" time="0.245" /><testcase classname="backend.tests.test_iteration_51.TestAuthSessionIntendedRole" name="test_session_accepts_intended_role_establishment" time="0.223" /><testcase classname="backend.tests.test_iteration_51.TestAdminMediaTarget" name="test_add_media_with_target_client" time="0.134"><skipped type="pytest.skip" message="Could not get admin token">/app/backend/tests/test_iteration_51.py:271: Could not get admin token</skipped></testcase><testcase classname="backend.tests.test_iteration_51.TestAdminMediaTarget" name="test_add_media_with_target_establishment" time="0.123"><skipped type="pytest.skip" message="Could not get admin token">/app/backend/tests/test_iteration_51.py:298: Could not get admin token</skipped></testcase><testcase classname="backend.tests.test_iteration_51.TestAdminMediaTarget" name="test_add_media_with_target_both" time="0.117"><skipped type="pytest.skip" message="Could not get admin token">/app/backend/tests/test_iteration_51.py:325: Could not get admin token</skipped></testcase><testcase classname="backend.tests.test_iteration_51.TestAdminMediaTarget" name="test_add_media_default_target_is_both" time="0.144"><skipped type="pytest.skip" message="Could not get admin token">/app/backend/tests/test_iteration_51.py:352: Could not get admin token</skipped></testcase></testsuite></testsuites>