<?xml version="1.0" encoding="utf-8"?><testsuites name="pytest tests"><testsuite name="pytest" errors="0" failures="0" skipped="0" tests="15" time="3.068" timestamp="2026-03-29T12:32:31.414510+00:00" hostname="agent-env-1f4ddc91-dab6-49bd-9c23-e4ba1cc433ff"><testcase classname="backend.tests.test_admin_financial_iter15.TestAdminFinancial" name="test_health_check" time="0.238" /><testcase classname="backend.tests.test_admin_financial_iter15.TestAdminFinancial" name="test_admin_financial_returns_all_fields" time="0.251" /><testcase classname="backend.tests.test_admin_financial_iter15.TestAdminFinancial" name="test_admin_financial_gross_revenue_calculation" time="0.140" /><testcase classname="backend.tests.test_admin_financial_iter15.TestAdminFinancial" name="test_admin_financial_net_revenue_calculation" time="0.152" /><testcase classname="backend.tests.test_admin_financial_iter15.TestAdminFinancial" name="test_admin_financial_rejects_non_admin" time="0.217" /><testcase classname="backend.tests.test_admin_financial_iter15.TestAdminFinancial" name="test_admin_financial_rejects_unauthenticated" time="0.101" /><testcase classname="backend.tests.test_admin_financial_iter15.TestAdminFinancial" name="test_admin_settings_returns_commission_percent" time="0.098" /><testcase classname="backend.tests.test_admin_financial_iter15.TestAdminFinancial" name="test_admin_settings_default_value" time="0.108" /><testcase classname="backend.tests.test_admin_financial_iter15.TestAdminFinancial" name="test_admin_settings_rejects_non_admin" time="0.100" /><testcase classname="backend.tests.test_admin_financial_iter15.TestAdminFinancial" name="test_admin_settings_update_commission" time="0.840" /><testcase classname="backend.tests.test_admin_financial_iter15.TestAdminFinancial" name="test_admin_settings_validates_min_value" time="0.100" /><testcase classname="backend.tests.test_admin_financial_iter15.TestAdminFinancial" name="test_admin_settings_validates_max_value" time="0.102" /><testcase classname="backend.tests.test_admin_financial_iter15.TestAdminFinancial" name="test_admin_settings_accepts_boundary_values" time="0.317" /><testcase classname="backend.tests.test_admin_financial_iter15.TestAdminFinancial" name="test_admin_settings_update_rejects_non_admin" time="0.107" /><testcase classname="backend.tests.test_admin_financial_iter15.TestAdminFinancial" name="test_admin_stats_rejects_non_admin" time="0.108" /></testsuite></testsuites>