<?xml version="1.0" encoding="utf-8"?><testsuites name="pytest tests"><testsuite name="pytest" errors="0" failures="0" skipped="0" tests="20" time="4.711" timestamp="2026-03-31T01:50:53.173337+00:00" hostname="agent-env-1f4ddc91-dab6-49bd-9c23-e4ba1cc433ff"><testcase classname="backend.tests.test_token_packages_iter21.TestAdminTokenPackageCRUD" name="test_get_token_packages_admin_only" time="0.352" /><testcase classname="backend.tests.test_token_packages_iter21.TestAdminTokenPackageCRUD" name="test_get_token_packages_requires_admin" time="0.276" /><testcase classname="backend.tests.test_token_packages_iter21.TestAdminTokenPackageCRUD" name="test_create_token_package" time="0.121" /><testcase classname="backend.tests.test_token_packages_iter21.TestAdminTokenPackageCRUD" name="test_create_package_validation_title_required" time="0.147" /><testcase classname="backend.tests.test_token_packages_iter21.TestAdminTokenPackageCRUD" name="test_create_package_validation_tokens_required" time="0.174" /><testcase classname="backend.tests.test_token_packages_iter21.TestAdminTokenPackageCRUD" name="test_create_package_validation_price_required" time="0.118" /><testcase classname="backend.tests.test_token_packages_iter21.TestAdminTokenPackageCRUD" name="test_update_token_package" time="0.127" /><testcase classname="backend.tests.test_token_packages_iter21.TestAdminTokenPackageCRUD" name="test_toggle_package_active_status" time="0.275" /><testcase classname="backend.tests.test_token_packages_iter21.TestAdminTokenPackageCRUD" name="test_update_nonexistent_package" time="0.103" /><testcase classname="backend.tests.test_token_packages_iter21.TestPublicTokenPackages" name="test_get_active_packages_no_auth" time="0.131" /><testcase classname="backend.tests.test_token_packages_iter21.TestPublicTokenPackages" name="test_active_packages_sorted_by_price" time="0.166" /><testcase classname="backend.tests.test_token_packages_iter21.TestPublicTokenPackages" name="test_inactive_packages_not_in_public" time="0.324" /><testcase classname="backend.tests.test_token_packages_iter21.TestClientTokenPurchase" name="test_purchase_with_package_config_id" time="0.496" /><testcase classname="backend.tests.test_token_packages_iter21.TestClientTokenPurchase" name="test_purchase_with_legacy_packages_field" time="0.240" /><testcase classname="backend.tests.test_token_packages_iter21.TestClientTokenPurchase" name="test_purchase_inactive_package_fails" time="0.360" /><testcase classname="backend.tests.test_token_packages_iter21.TestCommissionDistribution" name="test_commission_fixed_regardless_of_price" time="0.322" /><testcase classname="backend.tests.test_token_packages_iter21.TestDeleteTokenPackage" name="test_delete_token_package" time="0.392" /><testcase classname="backend.tests.test_token_packages_iter21.TestDeleteTokenPackage" name="test_delete_nonexistent_package" time="0.155" /><testcase classname="backend.tests.test_token_packages_iter21.TestDeleteTokenPackage" name="test_delete_requires_admin" time="0.108" /><testcase classname="backend.tests.test_token_packages_iter21.TestCleanup" name="test_cleanup_test_packages" time="0.215" /></testsuite></testsuites>