<?xml version="1.0" encoding="utf-8"?><testsuites name="pytest tests"><testsuite name="pytest" errors="0" failures="0" skipped="0" tests="7" time="1.918" timestamp="2026-04-11T14:10:20.551386+00:00" hostname="agent-env-1f4ddc91-dab6-49bd-9c23-e4ba1cc433ff"><testcase classname="backend.tests.test_purchase_history_iter46.TestPurchaseHistoryAPI" name="test_purchase_history_returns_list" time="0.209" /><testcase classname="backend.tests.test_purchase_history_iter46.TestPurchaseHistoryAPI" name="test_purchase_history_requires_auth" time="0.212" /><testcase classname="backend.tests.test_purchase_history_iter46.TestPurchaseHistoryAPI" name="test_receipt_pdf_for_valid_transaction" time="0.504" /><testcase classname="backend.tests.test_purchase_history_iter46.TestPurchaseHistoryAPI" name="test_receipt_pdf_returns_404_for_invalid_id" time="0.169" /><testcase classname="backend.tests.test_purchase_history_iter46.TestPurchaseHistoryAPI" name="test_receipt_pdf_requires_auth" time="0.224" /><testcase classname="backend.tests.test_purchase_history_iter46.TestPurchaseHistoryAPI" name="test_receipt_pdf_user_can_only_access_own_receipts" time="0.341" /><testcase classname="backend.tests.test_purchase_history_iter46.TestPaymentHistoryEndpoint" name="test_payment_history_endpoint_exists" time="0.183" /></testsuite></testsuites>