<?xml version="1.0" encoding="utf-8"?><testsuites name="pytest tests"><testsuite name="pytest" errors="0" failures="0" skipped="0" tests="11" time="2.859" timestamp="2026-04-01T22:09:59.020634+00:00" hostname="agent-env-1f4ddc91-dab6-49bd-9c23-e4ba1cc433ff"><testcase classname="backend.tests.test_offers_filters_iter26.TestOfferFilters" name="test_get_filters_returns_cities_with_active_offers" time="0.171" /><testcase classname="backend.tests.test_offers_filters_iter26.TestOfferFilters" name="test_get_filters_with_city_param_returns_filtered_neighborhoods" time="0.258" /><testcase classname="backend.tests.test_offers_filters_iter26.TestOfferFilters" name="test_get_filters_with_invalid_city_returns_empty_neighborhoods" time="0.136" /><testcase classname="backend.tests.test_offers_filters_iter26.TestCategoriesWithCounts" name="test_get_categories_with_counts_returns_sorted_list" time="0.174" /><testcase classname="backend.tests.test_offers_filters_iter26.TestCategoriesWithCounts" name="test_get_categories_with_city_filter" time="0.245" /><testcase classname="backend.tests.test_offers_filters_iter26.TestCategoriesWithCounts" name="test_get_categories_with_city_and_neighborhood_filter" time="0.408" /><testcase classname="backend.tests.test_offers_filters_iter26.TestCategoriesWithCounts" name="test_categories_only_include_those_with_offers" time="0.160" /><testcase classname="backend.tests.test_offers_filters_iter26.TestHealthAndSeed" name="test_health_endpoint" time="0.101" /><testcase classname="backend.tests.test_offers_filters_iter26.TestHealthAndSeed" name="test_seed_creates_test_data" time="0.595" /><testcase classname="backend.tests.test_offers_filters_iter26.TestClientLogin" name="test_client_email_login" time="0.124" /><testcase classname="backend.tests.test_offers_filters_iter26.TestClientLogin" name="test_get_me_returns_user_with_tokens" time="0.301" /></testsuite></testsuites>