<?xml version="1.0" encoding="utf-8"?><testsuites name="pytest tests"><testsuite name="pytest" errors="0" failures="0" skipped="0" tests="6" time="1.535" timestamp="2026-03-29T20:03:10.745166+00:00" hostname="agent-env-1f4ddc91-dab6-49bd-9c23-e4ba1cc433ff"><testcase classname="backend.tests.test_polish_ux_iter17.TestCategories" name="test_categories_returns_14_items" time="0.215" /><testcase classname="backend.tests.test_polish_ux_iter17.TestCategories" name="test_categories_contains_new_segments" time="0.178" /><testcase classname="backend.tests.test_polish_ux_iter17.TestCategories" name="test_categories_order_last_five" time="0.153" /><testcase classname="backend.tests.test_polish_ux_iter17.TestCategories" name="test_categories_structure" time="0.239" /><testcase classname="backend.tests.test_polish_ux_iter17.TestClientTokenPurchase" name="test_client_can_purchase_tokens" time="0.401" /><testcase classname="backend.tests.test_polish_ux_iter17.TestHealthCheck" name="test_health_endpoint" time="0.113" /></testsuite></testsuites>