<?xml version="1.0" encoding="utf-8"?><testsuites name="pytest tests"><testsuite name="pytest" errors="0" failures="0" skipped="0" tests="10" time="1.304" timestamp="2026-04-05T17:19:33.835371+00:00" hostname="agent-env-1f4ddc91-dab6-49bd-9c23-e4ba1cc433ff"><testcase classname="tests.test_help_topics_video.TestHelpTopicsVideoURL" name="test_help_topics_returns_video_url" time="0.158" /><testcase classname="tests.test_help_topics_video.TestHelpTopicsVideoURL" name="test_topic_o_que_sao_tokens_has_video" time="0.110" /><testcase classname="tests.test_help_topics_video.TestHelpTopicsVideoURL" name="test_topic_como_funciona_itoke_has_video" time="0.104" /><testcase classname="tests.test_help_topics_video.TestHelpTopicsVideoURL" name="test_topic_o_que_sao_creditos_no_video" time="0.107" /><testcase classname="tests.test_help_topics_video.TestEstHelpTopicsVideoURL" name="test_est_help_topics_returns_video_url" time="0.096" /><testcase classname="tests.test_help_topics_video.TestEstHelpTopicsVideoURL" name="test_est_topic_conhecendo_itoke_has_video" time="0.112" /><testcase classname="tests.test_help_topics_video.TestEstHelpTopicsVideoURL" name="test_est_topic_o_que_sao_tokens_has_video" time="0.113" /><testcase classname="tests.test_help_topics_video.TestEstHelpTopicsVideoURL" name="test_est_topic_o_que_sao_creditos_no_video" time="0.101" /><testcase classname="tests.test_help_topics_video.TestEstHelpTopicsVideoURL" name="test_est_topics_with_video_have_youtube_url" time="0.122" /><testcase classname="tests.test_help_topics_video.TestHealthCheck" name="test_api_health" time="0.104" /></testsuite></testsuites>