<?xml version="1.0" encoding="utf-8"?><testsuites name="pytest tests"><testsuite name="pytest" errors="0" failures="0" skipped="0" tests="21" time="5.245" timestamp="2026-04-12T09:22:47.792049+00:00" hostname="agent-env-1f4ddc91-dab6-49bd-9c23-e4ba1cc433ff"><testcase classname="backend.tests.test_rep_phase3_iter49.TestRepShareLink" name="test_get_share_link_returns_links_and_messages" time="0.229" /><testcase classname="backend.tests.test_rep_phase3_iter49.TestRepShareLink" name="test_share_link_requires_auth" time="0.104" /><testcase classname="backend.tests.test_rep_phase3_iter49.TestMarketingMaterials" name="test_get_rep_marketing_materials" time="0.146" /><testcase classname="backend.tests.test_rep_phase3_iter49.TestMarketingMaterials" name="test_admin_create_marketing_material" time="0.242" /><testcase classname="backend.tests.test_rep_phase3_iter49.TestMarketingMaterials" name="test_admin_list_marketing_materials" time="0.106" /><testcase classname="backend.tests.test_rep_phase3_iter49.TestMarketingMaterials" name="test_admin_delete_marketing_material" time="0.272" /><testcase classname="backend.tests.test_rep_phase3_iter49.TestTokenAllocationRules" name="test_admin_get_token_rules" time="0.208" /><testcase classname="backend.tests.test_rep_phase3_iter49.TestTokenAllocationRules" name="test_admin_update_token_rules" time="0.445" /><testcase classname="backend.tests.test_rep_phase3_iter49.TestTokenAllocation" name="test_allocate_tokens_rejects_unlinked_establishment" time="0.120" /><testcase classname="backend.tests.test_rep_phase3_iter49.TestTokenAllocation" name="test_allocate_tokens_rejects_insufficient_tokens" time="0.452" /><testcase classname="backend.tests.test_rep_phase3_iter49.TestTokenAllocation" name="test_allocate_tokens_requires_valid_data" time="0.312" /><testcase classname="backend.tests.test_rep_phase3_iter49.TestTokenAllocation" name="test_get_token_allocations" time="0.111" /><testcase classname="backend.tests.test_rep_phase3_iter49.TestTokenAllocation" name="test_admin_list_token_allocations" time="0.225" /><testcase classname="backend.tests.test_rep_phase3_iter49.TestTokenAllocation" name="test_admin_list_token_allocations_with_filter" time="0.114" /><testcase classname="backend.tests.test_rep_phase3_iter49.TestTokenAllocation" name="test_admin_process_allocation_invalid_id" time="0.118" /><testcase classname="backend.tests.test_rep_phase3_iter49.TestTokenAllocation" name="test_admin_process_allocation_invalid_action" time="0.107" /><testcase classname="backend.tests.test_rep_phase3_iter49.TestSpecialPackage" name="test_get_rep_special_package" time="0.104" /><testcase classname="backend.tests.test_rep_phase3_iter49.TestSpecialPackage" name="test_admin_get_special_package" time="0.216" /><testcase classname="backend.tests.test_rep_phase3_iter49.TestSpecialPackage" name="test_admin_update_special_package" time="0.413" /><testcase classname="backend.tests.test_rep_phase3_iter49.TestAuthorizationChecks" name="test_rep_endpoints_require_rep_token" time="0.407" /><testcase classname="backend.tests.test_rep_phase3_iter49.TestAuthorizationChecks" name="test_admin_endpoints_require_admin_token" time="0.517" /></testsuite></testsuites>