<?xml version="1.0" encoding="utf-8"?><testsuites name="pytest tests"><testsuite name="pytest" errors="0" failures="2" skipped="0" tests="9" time="7.724" timestamp="2026-04-13T15:26:30.319051+00:00" hostname="agent-env-1f4ddc91-dab6-49bd-9c23-e4ba1cc433ff"><testcase classname="backend.tests.test_est_contract_iter50" name="test_admin_get_contract" time="1.348" /><testcase classname="backend.tests.test_est_contract_iter50" name="test_admin_get_contract_unauthorized" time="1.111" /><testcase classname="backend.tests.test_est_contract_iter50" name="test_admin_update_contract" time="0.107"><failure message="AssertionError: Failed to update contract: {&quot;detail&quot;:&quot;Admin only&quot;}&#10;assert 403 == 200&#10; +  where 403 = &lt;Response [403]&gt;.status_code">backend/tests/test_est_contract_iter50.py:114: in test_admin_update_contract
    assert update_resp.status_code == 200, f"Failed to update contract: {update_resp.text}"
E   AssertionError: Failed to update contract: {"detail":"Admin only"}
E   assert 403 == 200
E    +  where 403 = &lt;Response [403]&gt;.status_code</failure></testcase><testcase classname="backend.tests.test_est_contract_iter50" name="test_admin_update_contract_empty_rejected" time="0.057"><failure message="AssertionError: Expected 400 for empty text, got 403&#10;assert 403 == 400&#10; +  where 403 = &lt;Response [403]&gt;.status_code">backend/tests/test_est_contract_iter50.py:139: in test_admin_update_contract_empty_rejected
    assert resp.status_code == 400, f"Expected 400 for empty text, got {resp.status_code}"
E   AssertionError: Expected 400 for empty text, got 403
E   assert 403 == 400
E    +  where 403 = &lt;Response [403]&gt;.status_code</failure></testcase><testcase classname="backend.tests.test_est_contract_iter50" name="test_establishment_get_contract_status" time="0.064" /><testcase classname="backend.tests.test_est_contract_iter50" name="test_establishment_accept_contract_already_accepted" time="0.113" /><testcase classname="backend.tests.test_est_contract_iter50" name="test_offer_creation_with_accepted_contract" time="0.218" /><testcase classname="backend.tests.test_est_contract_iter50" name="test_offer_creation_blocked_without_contract" time="2.189" /><testcase classname="backend.tests.test_est_contract_iter50" name="test_new_establishment_contract_flow" time="2.404" /></testsuite></testsuites>