<?xml version="1.0" encoding="utf-8"?><testsuites name="pytest tests"><testsuite name="pytest" errors="0" failures="0" skipped="0" tests="15" time="3.404" timestamp="2026-04-07T00:31:34.486082+00:00" hostname="agent-env-1f4ddc91-dab6-49bd-9c23-e4ba1cc433ff"><testcase classname="backend.tests.test_legal_documents.TestPublicLegalEndpoints" name="test_get_all_legal_documents" time="0.163" /><testcase classname="backend.tests.test_legal_documents.TestPublicLegalEndpoints" name="test_get_terms_client_document" time="0.112" /><testcase classname="backend.tests.test_legal_documents.TestPublicLegalEndpoints" name="test_get_terms_establishment_document" time="0.145" /><testcase classname="backend.tests.test_legal_documents.TestPublicLegalEndpoints" name="test_get_terms_general_document" time="0.111" /><testcase classname="backend.tests.test_legal_documents.TestPublicLegalEndpoints" name="test_get_privacy_lgpd_document" time="0.121" /><testcase classname="backend.tests.test_legal_documents.TestPublicLegalEndpoints" name="test_get_legal_compliance_document" time="0.126" /><testcase classname="backend.tests.test_legal_documents.TestPublicLegalEndpoints" name="test_get_invalid_document_returns_404" time="0.113" /><testcase classname="backend.tests.test_legal_documents.TestPublicLegalEndpoints" name="test_document_structure_complete" time="0.115" /><testcase classname="backend.tests.test_legal_documents.TestAdminLegalEndpoints" name="test_admin_get_all_legal_documents" time="0.266" /><testcase classname="backend.tests.test_legal_documents.TestAdminLegalEndpoints" name="test_admin_get_legal_requires_auth" time="0.117" /><testcase classname="backend.tests.test_legal_documents.TestAdminLegalEndpoints" name="test_admin_get_legal_requires_admin_role" time="0.232" /><testcase classname="backend.tests.test_legal_documents.TestAdminLegalEndpoints" name="test_admin_update_legal_document" time="0.637" /><testcase classname="backend.tests.test_legal_documents.TestAdminLegalEndpoints" name="test_admin_update_legal_content" time="0.596" /><testcase classname="backend.tests.test_legal_documents.TestAdminLegalEndpoints" name="test_admin_update_invalid_key_returns_error" time="0.235" /><testcase classname="backend.tests.test_legal_documents.TestAdminLegalEndpoints" name="test_admin_update_requires_admin_role" time="0.226" /></testsuite></testsuites>