<?xml version="1.0" encoding="utf-8"?><testsuites name="pytest tests"><testsuite name="pytest" errors="0" failures="0" skipped="0" tests="11" time="2.890" timestamp="2026-04-02T12:52:09.921543+00:00" hostname="agent-env-1f4ddc91-dab6-49bd-9c23-e4ba1cc433ff"><testcase classname="backend.tests.test_iteration_33.TestValidatorScannerBugFix" name="test_scan_with_backup_code_uppercase" time="0.218" /><testcase classname="backend.tests.test_iteration_33.TestValidatorScannerBugFix" name="test_scan_with_code_hash_lowercase" time="0.147" /><testcase classname="backend.tests.test_iteration_33.TestValidatorScannerBugFix" name="test_scan_with_lowercase_backup_code" time="0.136" /><testcase classname="backend.tests.test_iteration_33.TestDeleteValidatorEndpoint" name="test_delete_validator_requires_auth" time="0.106" /><testcase classname="backend.tests.test_iteration_33.TestDeleteValidatorEndpoint" name="test_delete_validator_not_found" time="0.234" /><testcase classname="backend.tests.test_iteration_33.TestDeleteValidatorEndpoint" name="test_delete_validator_success" time="0.554" /><testcase classname="backend.tests.test_iteration_33.TestValidatorPageInfo" name="test_get_validator_establishment_info" time="0.181" /><testcase classname="backend.tests.test_iteration_33.TestTeamPageEndpoints" name="test_get_my_validators" time="0.283" /><testcase classname="backend.tests.test_iteration_33.TestTeamPageEndpoints" name="test_toggle_validator" time="0.651" /><testcase classname="backend.tests.test_iteration_33.TestEstablishmentLogin" name="test_email_login_establishment" time="0.118" /><testcase classname="backend.tests.test_iteration_33.TestHealthCheck" name="test_health" time="0.111" /></testsuite></testsuites>