<?xml version="1.0" encoding="utf-8"?><testsuites name="pytest tests"><testsuite name="pytest" errors="0" failures="0" skipped="0" tests="16" time="4.122" timestamp="2026-04-03T13:27:32.685649+00:00" hostname="agent-env-1f4ddc91-dab6-49bd-9c23-e4ba1cc433ff"><testcase classname="backend.tests.test_iteration_35.TestEstablishmentLogin" name="test_email_login_establishment" time="0.239" /><testcase classname="backend.tests.test_iteration_35.TestTokenBalance" name="test_get_token_balance_requires_auth" time="0.157" /><testcase classname="backend.tests.test_iteration_35.TestTokenBalance" name="test_get_token_balance_returns_structure" time="0.240" /><testcase classname="backend.tests.test_iteration_35.TestPackages" name="test_get_packages_requires_auth" time="0.120" /><testcase classname="backend.tests.test_iteration_35.TestPackages" name="test_get_packages_returns_list" time="0.213" /><testcase classname="backend.tests.test_iteration_35.TestPackages" name="test_purchase_package_validation_min" time="0.328" /><testcase classname="backend.tests.test_iteration_35.TestPackages" name="test_purchase_package_validation_max" time="0.200" /><testcase classname="backend.tests.test_iteration_35.TestPackages" name="test_purchase_package_success" time="0.418" /><testcase classname="backend.tests.test_iteration_35.TestPackages" name="test_purchase_custom_amount" time="0.227" /><testcase classname="backend.tests.test_iteration_35.TestEstablishmentDashboard" name="test_get_establishment_me" time="0.223" /><testcase classname="backend.tests.test_iteration_35.TestEstablishmentDashboard" name="test_get_establishment_stats" time="0.382" /><testcase classname="backend.tests.test_iteration_35.TestEstablishmentDashboard" name="test_get_financial_data" time="0.244" /><testcase classname="backend.tests.test_iteration_35.TestOfferTokenAllocation" name="test_create_offer_with_tokens" time="0.318" /><testcase classname="backend.tests.test_iteration_35.TestOfferTokenAllocation" name="test_create_offer_insufficient_tokens" time="0.307" /><testcase classname="backend.tests.test_iteration_35.TestMyOffers" name="test_get_my_offers_with_token_info" time="0.200" /><testcase classname="backend.tests.test_iteration_35.TestHealthCheck" name="test_health_endpoint" time="0.099" /></testsuite></testsuites>