<?xml version="1.0" encoding="utf-8"?><testsuites name="pytest tests"><testsuite name="pytest" errors="0" failures="0" skipped="0" tests="20" time="4.750" timestamp="2026-04-02T01:17:13.701684+00:00" hostname="agent-env-1f4ddc91-dab6-49bd-9c23-e4ba1cc433ff"><testcase classname="backend.tests.test_validator_system_iter32.TestValidatorPublicEndpoints" name="test_get_establishment_info" time="0.214" /><testcase classname="backend.tests.test_validator_system_iter32.TestValidatorPublicEndpoints" name="test_get_establishment_info_not_found" time="0.165" /><testcase classname="backend.tests.test_validator_system_iter32.TestValidatorPublicEndpoints" name="test_register_validator" time="0.135" /><testcase classname="backend.tests.test_validator_system_iter32.TestValidatorPublicEndpoints" name="test_register_validator_empty_name" time="0.118" /><testcase classname="backend.tests.test_validator_system_iter32.TestValidatorPublicEndpoints" name="test_register_validator_invalid_establishment" time="0.150" /><testcase classname="backend.tests.test_validator_system_iter32.TestValidatorPublicEndpoints" name="test_check_validator_active" time="0.340" /><testcase classname="backend.tests.test_validator_system_iter32.TestValidatorPublicEndpoints" name="test_check_validator_not_found" time="0.192" /><testcase classname="backend.tests.test_validator_system_iter32.TestValidatorScanEndpoints" name="test_scan_missing_params" time="0.277" /><testcase classname="backend.tests.test_validator_system_iter32.TestValidatorScanEndpoints" name="test_scan_invalid_code" time="0.280" /><testcase classname="backend.tests.test_validator_system_iter32.TestValidatorScanEndpoints" name="test_finalize_missing_params" time="0.245" /><testcase classname="backend.tests.test_validator_system_iter32.TestValidatorScanEndpoints" name="test_finalize_invalid_voucher" time="0.286" /><testcase classname="backend.tests.test_validator_system_iter32.TestValidatorScanEndpoints" name="test_pending_missing_params" time="0.219" /><testcase classname="backend.tests.test_validator_system_iter32.TestValidatorScanEndpoints" name="test_pending_invalid_voucher" time="0.222" /><testcase classname="backend.tests.test_validator_system_iter32.TestValidatorOwnerManagement" name="test_get_my_validators" time="0.251" /><testcase classname="backend.tests.test_validator_system_iter32.TestValidatorOwnerManagement" name="test_get_my_validators_unauthorized" time="0.129" /><testcase classname="backend.tests.test_validator_system_iter32.TestValidatorOwnerManagement" name="test_toggle_validator_block" time="0.653" /><testcase classname="backend.tests.test_validator_system_iter32.TestValidatorOwnerManagement" name="test_toggle_validator_not_found" time="0.213" /><testcase classname="backend.tests.test_validator_system_iter32.TestValidatorOwnerManagement" name="test_toggle_validator_unauthorized" time="0.117" /><testcase classname="backend.tests.test_validator_system_iter32.TestValidatorWithExistingVoucher" name="test_scan_used_voucher" time="0.213" /><testcase classname="backend.tests.test_validator_system_iter32.TestValidatorWithExistingVoucher" name="test_scan_active_voucher" time="0.232" /></testsuite></testsuites>