<?xml version="1.0" encoding="utf-8"?><testsuites name="pytest tests"><testsuite name="pytest" errors="0" failures="0" skipped="0" tests="7" time="1.539" timestamp="2026-04-01T23:07:17.623868+00:00" hostname="agent-env-1f4ddc91-dab6-49bd-9c23-e4ba1cc433ff"><testcase classname="backend.tests.test_step3_location_validation_iter28.TestEstablishmentStructuredAddress" name="test_get_establishment_me_returns_structured_address" time="0.223" /><testcase classname="backend.tests.test_step3_location_validation_iter28.TestEstablishmentStructuredAddress" name="test_put_establishment_with_structured_address_saves_correctly" time="0.191" /><testcase classname="backend.tests.test_step3_location_validation_iter28.TestEstablishmentStructuredAddress" name="test_put_establishment_without_structured_address_preserves_existing" time="0.256" /><testcase classname="backend.tests.test_step3_location_validation_iter28.TestEstablishmentStructuredAddress" name="test_clear_structured_address_with_null" time="0.204" /><testcase classname="backend.tests.test_step3_location_validation_iter28.TestEstablishmentStructuredAddress" name="test_get_establishment_after_update_reflects_changes" time="0.215" /><testcase classname="backend.tests.test_step3_location_validation_iter28.TestEstablishmentValidationStates" name="test_profile_complete_state_with_valid_address" time="0.165" /><testcase classname="backend.tests.test_step3_location_validation_iter28.TestEstablishmentValidationStates" name="test_profile_incomplete_without_cep" time="0.198" /></testsuite></testsuites>