<?xml version="1.0" encoding="utf-8"?><testsuites name="pytest tests"><testsuite name="pytest" errors="0" failures="0" skipped="0" tests="14" time="2.820" timestamp="2026-04-02T22:31:17.044506+00:00" hostname="agent-env-1f4ddc91-dab6-49bd-9c23-e4ba1cc433ff"><testcase classname="backend.tests.test_iteration_34.TestReportsEndpoint" name="test_reports_endpoint_requires_auth" time="0.296" /><testcase classname="backend.tests.test_iteration_34.TestReportsEndpoint" name="test_reports_endpoint_returns_200" time="0.208" /><testcase classname="backend.tests.test_iteration_34.TestReportsEndpoint" name="test_reports_response_structure" time="0.169" /><testcase classname="backend.tests.test_iteration_34.TestReportsEndpoint" name="test_credits_received_structure" time="0.158" /><testcase classname="backend.tests.test_iteration_34.TestReportsEndpoint" name="test_qr_codes_read_structure" time="0.161" /><testcase classname="backend.tests.test_iteration_34.TestReportsEndpoint" name="test_top_offers_structure" time="0.185" /><testcase classname="backend.tests.test_iteration_34.TestReportsEndpoint" name="test_sales_summary_structure" time="0.211" /><testcase classname="backend.tests.test_iteration_34.TestReportsEndpoint" name="test_reports_with_date_filter_today" time="0.188" /><testcase classname="backend.tests.test_iteration_34.TestReportsEndpoint" name="test_reports_with_date_filter_7_days" time="0.154" /><testcase classname="backend.tests.test_iteration_34.TestReportsEndpoint" name="test_reports_with_date_filter_30_days" time="0.177" /><testcase classname="backend.tests.test_iteration_34.TestReportsEndpoint" name="test_reports_with_date_filter_90_days" time="0.227" /><testcase classname="backend.tests.test_iteration_34.TestReportsEndpoint" name="test_reports_without_date_filter" time="0.178" /><testcase classname="backend.tests.test_iteration_34.TestHealthAndAuth" name="test_health_endpoint" time="0.130" /><testcase classname="backend.tests.test_iteration_34.TestHealthAndAuth" name="test_establishment_login" time="0.130" /></testsuite></testsuites>