<?xml version="1.0" encoding="utf-8"?><testsuites name="pytest tests"><testsuite name="pytest" errors="0" failures="0" skipped="1" tests="18" time="4.432" timestamp="2026-04-11T13:23:42.685313+00:00" hostname="agent-env-1f4ddc91-dab6-49bd-9c23-e4ba1cc433ff"><testcase classname="backend.tests.test_antifraud_system_iter45.TestLoginRateLimiting" name="test_login_rate_limit_triggers_after_5_attempts" time="0.428" /><testcase classname="backend.tests.test_antifraud_system_iter45.TestLoginRateLimiting" name="test_different_ips_not_rate_limited" time="0.167" /><testcase classname="backend.tests.test_antifraud_system_iter45.TestCPFValidation" name="test_valid_cpf_accepted" time="0.327" /><testcase classname="backend.tests.test_antifraud_system_iter45.TestCPFValidation" name="test_invalid_cpf_rejected" time="0.249" /><testcase classname="backend.tests.test_antifraud_system_iter45.TestCPFValidation" name="test_cpf_wrong_length_rejected" time="0.215" /><testcase classname="backend.tests.test_antifraud_system_iter45.TestDuplicateCPFDetection" name="test_duplicate_cpf_rejected" time="0.155"><skipped type="pytest.skip" message="CPF already in use by another user">/app/backend/tests/test_antifraud_system_iter45.py:238: CPF already in use by another user</skipped></testcase><testcase classname="backend.tests.test_antifraud_system_iter45.TestAdminFraudAlerts" name="test_get_fraud_alerts_requires_admin" time="0.177" /><testcase classname="backend.tests.test_antifraud_system_iter45.TestAdminFraudAlerts" name="test_get_fraud_alerts_admin_success" time="0.173" /><testcase classname="backend.tests.test_antifraud_system_iter45.TestAdminFraudAlerts" name="test_get_fraud_alerts_filter_new" time="0.159" /><testcase classname="backend.tests.test_antifraud_system_iter45.TestAdminFraudAlerts" name="test_get_fraud_alerts_filter_reviewed" time="0.157" /><testcase classname="backend.tests.test_antifraud_system_iter45.TestAdminFraudAlerts" name="test_review_fraud_alert" time="0.212" /><testcase classname="backend.tests.test_antifraud_system_iter45.TestAdminFraudAlerts" name="test_review_nonexistent_alert" time="0.165" /><testcase classname="backend.tests.test_antifraud_system_iter45.TestAdminFraudAlerts" name="test_clear_reviewed_alerts" time="0.160" /><testcase classname="backend.tests.test_antifraud_system_iter45.TestAdminFraudAlerts" name="test_clear_reviewed_requires_admin" time="0.146" /><testcase classname="backend.tests.test_antifraud_system_iter45.TestQRCodeRateLimiting" name="test_qr_rate_limit_key_is_per_user" time="0.164" /><testcase classname="backend.tests.test_antifraud_system_iter45.TestPaymentRateLimiting" name="test_payment_endpoint_exists" time="0.100" /><testcase classname="backend.tests.test_antifraud_system_iter45.TestPaymentRateLimiting" name="test_payment_with_auth" time="0.670" /><testcase classname="backend.tests.test_antifraud_system_iter45.TestSuspiciousActivityLogging" name="test_rate_limit_creates_fraud_alert" time="0.539" /></testsuite></testsuites>