<?xml version="1.0" encoding="utf-8"?><testsuites name="pytest tests"><testsuite name="pytest" errors="0" failures="0" skipped="0" tests="6" time="2.414" timestamp="2026-03-29T00:10:16.056291+00:00" hostname="agent-env-1f4ddc91-dab6-49bd-9c23-e4ba1cc433ff"><testcase classname="backend.tests.test_qr_flow_iter13.TestQRFlow" name="test_health_check" time="0.162" /><testcase classname="backend.tests.test_qr_flow_iter13.TestQRFlow" name="test_qr_generate_with_credits" time="0.365" /><testcase classname="backend.tests.test_qr_flow_iter13.TestQRFlow" name="test_qr_validate_returns_preview" time="0.425" /><testcase classname="backend.tests.test_qr_flow_iter13.TestQRFlow" name="test_qr_confirm_finalizes_sale" time="0.564" /><testcase classname="backend.tests.test_qr_flow_iter13.TestQRFlow" name="test_vouchers_my_returns_all_fields" time="0.283" /><testcase classname="backend.tests.test_qr_flow_iter13.TestQRFlow" name="test_validate_with_backup_code" time="0.453" /></testsuite></testsuites>