<?xml version="1.0" encoding="utf-8"?><testsuites name="pytest tests"><testsuite name="pytest" errors="0" failures="0" skipped="0" tests="7" time="4.137" timestamp="2026-03-28T23:32:42.261413+00:00" hostname="agent-env-1f4ddc91-dab6-49bd-9c23-e4ba1cc433ff"><testcase classname="backend.tests.test_two_step_validation.TestHealthCheck" name="test_health_endpoint" time="0.133" /><testcase classname="backend.tests.test_two_step_validation.TestTwoStepValidationFlow" name="test_validate_returns_preview_step" time="0.732" /><testcase classname="backend.tests.test_two_step_validation.TestTwoStepValidationFlow" name="test_confirm_finalizes_sale" time="0.884" /><testcase classname="backend.tests.test_two_step_validation.TestTwoStepValidationFlow" name="test_confirm_already_used_voucher_returns_400" time="0.867" /><testcase classname="backend.tests.test_two_step_validation.TestQRGenerateWithCredits" name="test_qr_generate_saves_credits_and_deducts" time="0.459" /><testcase classname="backend.tests.test_two_step_validation.TestVouchersMy" name="test_vouchers_my_returns_all_fields" time="0.322" /><testcase classname="backend.tests.test_two_step_validation.TestVoucherCancel" name="test_cancel_voucher_refunds_credits" time="0.670" /></testsuite></testsuites>