<?xml version="1.0" encoding="utf-8"?><testsuites name="pytest tests"><testsuite name="pytest" errors="0" failures="0" skipped="0" tests="13" time="3.426" timestamp="2026-04-03T20:28:32.338942+00:00" hostname="agent-env-1f4ddc91-dab6-49bd-9c23-e4ba1cc433ff"><testcase classname="backend.tests.test_iteration_37.TestOnboardingVideosPublic" name="test_get_onboarding_videos_establishment" time="0.145" /><testcase classname="backend.tests.test_iteration_37.TestOnboardingVideosPublic" name="test_get_onboarding_videos_client" time="0.113" /><testcase classname="backend.tests.test_iteration_37.TestOnboardingVideosAll" name="test_get_all_onboarding_videos_establishment" time="0.107" /><testcase classname="backend.tests.test_iteration_37.TestOnboardingVideosAdmin" name="test_create_onboarding_video" time="0.312" /><testcase classname="backend.tests.test_iteration_37.TestOnboardingVideosAdmin" name="test_create_onboarding_video_without_auth" time="0.315" /><testcase classname="backend.tests.test_iteration_37.TestOnboardingVideosAdmin" name="test_create_onboarding_video_non_admin" time="0.391" /><testcase classname="backend.tests.test_iteration_37.TestOnboardingVideosAdmin" name="test_update_onboarding_video" time="0.436" /><testcase classname="backend.tests.test_iteration_37.TestOnboardingVideosAdmin" name="test_update_nonexistent_video" time="0.226" /><testcase classname="backend.tests.test_iteration_37.TestOnboardingVideosAdmin" name="test_delete_onboarding_video" time="0.479" /><testcase classname="backend.tests.test_iteration_37.TestOnboardingVideosAdmin" name="test_delete_nonexistent_video" time="0.227" /><testcase classname="backend.tests.test_iteration_37.TestOnboardingSeen" name="test_mark_onboarding_seen" time="0.365" /><testcase classname="backend.tests.test_iteration_37.TestOnboardingSeen" name="test_mark_onboarding_seen_without_auth" time="0.101" /><testcase classname="backend.tests.test_iteration_37.TestSeedVideos" name="test_seed_videos_exist" time="0.111" /></testsuite></testsuites>