<?xml version="1.0" encoding="utf-8"?><testsuites name="pytest tests"><testsuite name="pytest" errors="0" failures="0" skipped="0" tests="11" time="5.848" timestamp="2026-03-31T02:54:41.425875+00:00" hostname="agent-env-1f4ddc91-dab6-49bd-9c23-e4ba1cc433ff"><testcase classname="backend.tests.test_commission_chain_iter22.TestCommissionChainFix" name="test_01_verify_referral_chain_structure" time="0.835" /><testcase classname="backend.tests.test_commission_chain_iter22.TestCommissionChainFix" name="test_02_get_initial_credits_before_purchase" time="0.402" /><testcase classname="backend.tests.test_commission_chain_iter22.TestCommissionChainFix" name="test_03_user_d_purchases_packages" time="2.015" /><testcase classname="backend.tests.test_commission_chain_iter22.TestCommissionChainFix" name="test_04_verify_commission_distribution_all_3_levels" time="0.316" /><testcase classname="backend.tests.test_commission_chain_iter22.TestCommissionChainFix" name="test_05_verify_user_d_did_not_receive_commission" time="0.100" /><testcase classname="backend.tests.test_commission_chain_iter22.TestSelfReferralPrevention" name="test_self_referral_blocked" time="0.306" /><testcase classname="backend.tests.test_commission_chain_iter22.TestAdminRepairEndpoint" name="test_admin_repair_referrals_endpoint" time="0.259" /><testcase classname="backend.tests.test_commission_chain_iter22.TestAdminRepairEndpoint" name="test_admin_repair_requires_admin_role" time="0.236" /><testcase classname="backend.tests.test_commission_chain_iter22.TestReferralNetworkIntegrity" name="test_no_circular_referrals_after_repair" time="0.258" /><testcase classname="backend.tests.test_commission_chain_iter22.TestLegacyPurchaseFlow" name="test_legacy_packages_field_purchase" time="0.565" /><testcase classname="backend.tests.test_commission_chain_iter22.TestNetworkEndpointVerification" name="test_network_shows_correct_levels" time="0.464" /></testsuite></testsuites>