<?xml version="1.0" encoding="utf-8"?><testsuites name="pytest tests"><testsuite name="pytest" errors="0" failures="0" skipped="0" tests="30" time="5.687" timestamp="2026-04-11T17:00:50.610079+00:00" hostname="agent-env-1f4ddc91-dab6-49bd-9c23-e4ba1cc433ff"><testcase classname="backend.tests.test_rep_phase2_iter48.TestRepContractEndpoints" name="test_get_contract_status" time="0.200" /><testcase classname="backend.tests.test_rep_phase2_iter48.TestRepContractEndpoints" name="test_accept_contract_already_accepted" time="0.123" /><testcase classname="backend.tests.test_rep_phase2_iter48.TestRepContractEndpoints" name="test_accept_contract_missing_name" time="0.122" /><testcase classname="backend.tests.test_rep_phase2_iter48.TestRepDocumentEndpoints" name="test_get_documents_list" time="0.111" /><testcase classname="backend.tests.test_rep_phase2_iter48.TestRepDocumentEndpoints" name="test_upload_document_valid" time="0.119" /><testcase classname="backend.tests.test_rep_phase2_iter48.TestRepDocumentEndpoints" name="test_upload_document_invalid_type" time="0.103" /><testcase classname="backend.tests.test_rep_phase2_iter48.TestRepDocumentEndpoints" name="test_upload_document_missing_data" time="0.112" /><testcase classname="backend.tests.test_rep_phase2_iter48.TestRepDocumentEndpoints" name="test_upload_document_all_valid_types" time="1.191" /><testcase classname="backend.tests.test_rep_phase2_iter48.TestRepDocumentEndpoints" name="test_delete_document" time="0.214" /><testcase classname="backend.tests.test_rep_phase2_iter48.TestRepDocumentEndpoints" name="test_delete_document_not_found" time="0.110" /><testcase classname="backend.tests.test_rep_phase2_iter48.TestRepWithdrawalEndpoints" name="test_get_withdrawals_history" time="0.119" /><testcase classname="backend.tests.test_rep_phase2_iter48.TestRepWithdrawalEndpoints" name="test_request_withdrawal_missing_pix" time="0.117" /><testcase classname="backend.tests.test_rep_phase2_iter48.TestRepWithdrawalEndpoints" name="test_request_withdrawal_invalid_amount" time="0.120" /><testcase classname="backend.tests.test_rep_phase2_iter48.TestRepWithdrawalEndpoints" name="test_request_withdrawal_insufficient_balance" time="0.119" /><testcase classname="backend.tests.test_rep_phase2_iter48.TestAdminDocumentReviewEndpoints" name="test_admin_get_rep_documents" time="0.211" /><testcase classname="backend.tests.test_rep_phase2_iter48.TestAdminDocumentReviewEndpoints" name="test_admin_review_document_approve" time="0.363" /><testcase classname="backend.tests.test_rep_phase2_iter48.TestAdminDocumentReviewEndpoints" name="test_admin_review_document_reject" time="0.355" /><testcase classname="backend.tests.test_rep_phase2_iter48.TestAdminDocumentReviewEndpoints" name="test_admin_review_document_invalid_status" time="0.324" /><testcase classname="backend.tests.test_rep_phase2_iter48.TestAdminContractEndpoints" name="test_admin_get_rep_contract" time="0.115" /><testcase classname="backend.tests.test_rep_phase2_iter48.TestAdminContractEndpoints" name="test_admin_get_rep_contract_nonexistent" time="0.128" /><testcase classname="backend.tests.test_rep_phase2_iter48.TestAdminWithdrawalEndpoints" name="test_admin_list_withdrawals" time="0.100" /><testcase classname="backend.tests.test_rep_phase2_iter48.TestAdminWithdrawalEndpoints" name="test_admin_list_withdrawals_with_filter" time="0.121" /><testcase classname="backend.tests.test_rep_phase2_iter48.TestAdminWithdrawalEndpoints" name="test_admin_process_withdrawal_invalid_action" time="0.123" /><testcase classname="backend.tests.test_rep_phase2_iter48.TestAdminWithdrawalEndpoints" name="test_admin_process_withdrawal_not_found" time="0.112" /><testcase classname="backend.tests.test_rep_phase2_iter48.TestRepAuthRequired" name="test_contract_requires_auth" time="0.112" /><testcase classname="backend.tests.test_rep_phase2_iter48.TestRepAuthRequired" name="test_documents_requires_auth" time="0.120" /><testcase classname="backend.tests.test_rep_phase2_iter48.TestRepAuthRequired" name="test_withdrawals_requires_auth" time="0.138" /><testcase classname="backend.tests.test_rep_phase2_iter48.TestAdminAuthRequired" name="test_admin_documents_requires_admin" time="0.118" /><testcase classname="backend.tests.test_rep_phase2_iter48.TestAdminAuthRequired" name="test_admin_contracts_requires_admin" time="0.118" /><testcase classname="backend.tests.test_rep_phase2_iter48.TestAdminAuthRequired" name="test_admin_withdrawals_requires_admin" time="0.117" /></testsuite></testsuites>