<?xml version="1.0" encoding="utf-8"?><testsuites name="pytest tests"><testsuite name="pytest" errors="0" failures="0" skipped="0" tests="8" time="1.583" timestamp="2026-03-29T12:18:47.989145+00:00" hostname="agent-env-1f4ddc91-dab6-49bd-9c23-e4ba1cc433ff"><testcase classname="backend.tests.test_admin_upgrade_iter14.TestAdminUpgrade" name="test_health_check" time="0.181" /><testcase classname="backend.tests.test_admin_upgrade_iter14.TestAdminUpgrade" name="test_admin_stats_returns_real_data" time="0.175" /><testcase classname="backend.tests.test_admin_upgrade_iter14.TestAdminUpgrade" name="test_admin_stats_top_establishments_structure" time="0.158" /><testcase classname="backend.tests.test_admin_upgrade_iter14.TestAdminUpgrade" name="test_admin_search_voucher_valid_code" time="0.153" /><testcase classname="backend.tests.test_admin_upgrade_iter14.TestAdminUpgrade" name="test_admin_search_voucher_invalid_code" time="0.150" /><testcase classname="backend.tests.test_admin_upgrade_iter14.TestAdminUpgrade" name="test_admin_search_voucher_requires_admin_role" time="0.264" /><testcase classname="backend.tests.test_admin_upgrade_iter14.TestAdminUpgrade" name="test_admin_stats_requires_admin_role" time="0.282" /><testcase classname="backend.tests.test_admin_upgrade_iter14.TestVoucherSearch" name="test_search_voucher_itk_wcu" time="0.154" /></testsuite></testsuites>