<?xml version="1.0" encoding="utf-8"?><testsuites name="pytest tests"><testsuite name="pytest" errors="0" failures="0" skipped="0" tests="18" time="2.984" timestamp="2026-04-11T15:53:24.215785+00:00" hostname="agent-env-1f4ddc91-dab6-49bd-9c23-e4ba1cc433ff"><testcase classname="backend.tests.test_representatives_iter47.TestAdminLogin" name="test_admin_login" time="0.222" /><testcase classname="backend.tests.test_representatives_iter47.TestAdminRepresentativesCRUD" name="test_list_representatives" time="0.114" /><testcase classname="backend.tests.test_representatives_iter47.TestAdminRepresentativesCRUD" name="test_create_representative_invalid_cnpj" time="0.214" /><testcase classname="backend.tests.test_representatives_iter47.TestAdminRepresentativesCRUD" name="test_create_representative_duplicate_cnpj" time="0.224" /><testcase classname="backend.tests.test_representatives_iter47.TestAdminRepresentativesCRUD" name="test_get_rep_commission_settings" time="0.148" /><testcase classname="backend.tests.test_representatives_iter47.TestAdminRepresentativesCRUD" name="test_update_rep_commission_settings" time="0.369" /><testcase classname="backend.tests.test_representatives_iter47.TestAdminRepresentativesCRUD" name="test_update_representative_status" time="0.125" /><testcase classname="backend.tests.test_representatives_iter47.TestAdminRepresentativesCRUD" name="test_update_representative_add_free_tokens" time="0.302" /><testcase classname="backend.tests.test_representatives_iter47.TestRepDashboard" name="test_rep_dashboard_without_token" time="0.122" /><testcase classname="backend.tests.test_representatives_iter47.TestRepDashboard" name="test_rep_dashboard_with_invalid_token" time="0.115" /><testcase classname="backend.tests.test_representatives_iter47.TestRepDashboard" name="test_rep_dashboard_with_valid_token" time="0.111" /><testcase classname="backend.tests.test_representatives_iter47.TestRepReferralChecks" name="test_check_valid_referral_code" time="0.121" /><testcase classname="backend.tests.test_representatives_iter47.TestRepReferralChecks" name="test_check_invalid_referral_code" time="0.120" /><testcase classname="backend.tests.test_representatives_iter47.TestRepReferralChecks" name="test_check_referral_with_existing_user_email" time="0.112" /><testcase classname="backend.tests.test_representatives_iter47.TestRepLinkReferral" name="test_link_referral_missing_code" time="0.108" /><testcase classname="backend.tests.test_representatives_iter47.TestRepLinkReferral" name="test_link_referral_invalid_code" time="0.113" /><testcase classname="backend.tests.test_representatives_iter47.TestRepCommissions" name="test_get_commissions" time="0.116" /><testcase classname="backend.tests.test_representatives_iter47.TestAntifraudCNPJ" name="test_create_rep_with_establishment_cnpj" time="0.131" /></testsuite></testsuites>