<?xml version="1.0" encoding="utf-8"?><testsuites name="pytest tests"><testsuite name="pytest" errors="0" failures="0" skipped="0" tests="15" time="4.008" timestamp="2026-04-06T23:10:33.325529+00:00" hostname="agent-env-1f4ddc91-dab6-49bd-9c23-e4ba1cc433ff"><testcase classname="backend.tests.test_fiscal_report.TestCPFUpdate" name="test_update_cpf_valid_11_digits" time="0.269" /><testcase classname="backend.tests.test_fiscal_report.TestCPFUpdate" name="test_update_cpf_with_formatting" time="0.229" /><testcase classname="backend.tests.test_fiscal_report.TestCPFUpdate" name="test_update_cpf_invalid_less_than_11_digits" time="0.177" /><testcase classname="backend.tests.test_fiscal_report.TestCPFUpdate" name="test_update_cpf_invalid_more_than_11_digits" time="0.162" /><testcase classname="backend.tests.test_fiscal_report.TestCPFUpdate" name="test_update_cpf_invalid_non_numeric" time="0.175" /><testcase classname="backend.tests.test_fiscal_report.TestFiscalReport" name="test_get_fiscal_report_basic" time="0.231" /><testcase classname="backend.tests.test_fiscal_report.TestFiscalReport" name="test_get_fiscal_report_with_date_filter" time="0.200" /><testcase classname="backend.tests.test_fiscal_report.TestFiscalReport" name="test_fiscal_report_transactions_have_customer_info" time="0.221" /><testcase classname="backend.tests.test_fiscal_report.TestFiscalReportPDF" name="test_get_fiscal_report_pdf" time="0.444" /><testcase classname="backend.tests.test_fiscal_report.TestFiscalReportPDF" name="test_get_fiscal_report_pdf_with_date_filter" time="0.215" /><testcase classname="backend.tests.test_fiscal_report.TestAdminReportLayout" name="test_get_report_layout_as_admin" time="0.214" /><testcase classname="backend.tests.test_fiscal_report.TestAdminReportLayout" name="test_get_report_layout_as_non_admin_forbidden" time="0.171" /><testcase classname="backend.tests.test_fiscal_report.TestAdminReportLayout" name="test_update_report_layout" time="0.286" /><testcase classname="backend.tests.test_fiscal_report.TestAdminReportLayout" name="test_update_report_layout_as_non_admin_forbidden" time="0.472" /><testcase classname="backend.tests.test_fiscal_report.TestFiscalReportIntegration" name="test_full_fiscal_report_flow" time="0.267" /></testsuite></testsuites>