<?xml version="1.0" encoding="utf-8"?><testsuites name="pytest tests"><testsuite name="pytest" errors="0" failures="0" skipped="0" tests="11" time="3.306" timestamp="2026-04-09T19:01:27.993364+00:00" hostname="agent-env-1f4ddc91-dab6-49bd-9c23-e4ba1cc433ff"><testcase classname="backend.tests.test_stripe_payments.TestTokenPackagesEndpoint" name="test_get_active_packages" time="0.250" /><testcase classname="backend.tests.test_stripe_payments.TestStripeCheckoutEndpoint" name="test_checkout_requires_auth" time="0.151" /><testcase classname="backend.tests.test_stripe_payments.TestStripeCheckoutEndpoint" name="test_checkout_invalid_package" time="0.167" /><testcase classname="backend.tests.test_stripe_payments.TestStripeCheckoutEndpoint" name="test_checkout_creates_session" time="0.700" /><testcase classname="backend.tests.test_stripe_payments.TestPaymentStatusEndpoint" name="test_status_requires_auth" time="0.107" /><testcase classname="backend.tests.test_stripe_payments.TestPaymentStatusEndpoint" name="test_status_invalid_session" time="0.212" /><testcase classname="backend.tests.test_stripe_payments.TestPaymentStatusEndpoint" name="test_status_valid_session" time="0.778" /><testcase classname="backend.tests.test_stripe_payments.TestPaymentHistoryEndpoint" name="test_history_requires_auth" time="0.152" /><testcase classname="backend.tests.test_stripe_payments.TestPaymentHistoryEndpoint" name="test_history_returns_list" time="0.052" /><testcase classname="backend.tests.test_stripe_payments.TestWebhookEndpoint" name="test_webhook_endpoint_exists" time="0.120" /><testcase classname="backend.tests.test_stripe_payments.TestPaymentTransactionCreation" name="test_transaction_created_on_checkout" time="0.528" /></testsuite></testsuites>