<?xml version="1.0" encoding="utf-8"?><testsuites name="pytest tests"><testsuite name="pytest" errors="0" failures="0" skipped="0" tests="13" time="5.148" timestamp="2026-04-03T19:18:32.041186+00:00" hostname="agent-env-1f4ddc91-dab6-49bd-9c23-e4ba1cc433ff"><testcase classname="backend.tests.test_iteration_36.TestEstablishmentHelpTopicsPublic" name="test_get_est_help_topics_returns_list" time="0.242" /><testcase classname="backend.tests.test_iteration_36.TestEstablishmentHelpTopicsAdmin" name="test_get_admin_est_help_topics_requires_auth" time="0.375" /><testcase classname="backend.tests.test_iteration_36.TestEstablishmentHelpTopicsAdmin" name="test_get_admin_est_help_topics_requires_admin_role" time="0.456" /><testcase classname="backend.tests.test_iteration_36.TestEstablishmentHelpTopicsAdmin" name="test_get_admin_est_help_topics_success" time="0.346" /><testcase classname="backend.tests.test_iteration_36.TestEstablishmentHelpTopicsAdmin" name="test_create_est_help_topic_requires_admin" time="0.368" /><testcase classname="backend.tests.test_iteration_36.TestEstablishmentHelpTopicsAdmin" name="test_create_est_help_topic_success" time="0.652" /><testcase classname="backend.tests.test_iteration_36.TestEstablishmentHelpTopicsAdmin" name="test_create_est_help_topic_validates_title" time="0.334" /><testcase classname="backend.tests.test_iteration_36.TestEstablishmentHelpTopicsAdmin" name="test_create_est_help_topic_validates_content" time="0.368" /><testcase classname="backend.tests.test_iteration_36.TestEstablishmentHelpTopicsAdmin" name="test_update_est_help_topic_success" time="0.552" /><testcase classname="backend.tests.test_iteration_36.TestEstablishmentHelpTopicsAdmin" name="test_update_est_help_topic_not_found" time="0.336" /><testcase classname="backend.tests.test_iteration_36.TestEstablishmentHelpTopicsAdmin" name="test_delete_est_help_topic_success" time="0.571" /><testcase classname="backend.tests.test_iteration_36.TestEstablishmentHelpTopicsAdmin" name="test_delete_est_help_topic_not_found" time="0.354" /><testcase classname="backend.tests.test_iteration_36.TestEstablishmentHelpTopicsSeedData" name="test_seed_creates_default_topics" time="0.114" /></testsuite></testsuites>