<?xml version="1.0" encoding="utf-8"?><testsuites name="pytest tests"><testsuite name="pytest" errors="0" failures="0" skipped="0" tests="16" time="7.047" timestamp="2026-03-31T19:55:30.125939+00:00" hostname="agent-env-1f4ddc91-dab6-49bd-9c23-e4ba1cc433ff"><testcase classname="backend.tests.test_help_topics_iter25.TestPublicHelpEndpoints" name="test_get_public_help_topics" time="0.243" /><testcase classname="backend.tests.test_help_topics_iter25.TestPublicHelpEndpoints" name="test_get_help_settings" time="0.150" /><testcase classname="backend.tests.test_help_topics_iter25.TestAdminHelpEndpoints" name="test_get_admin_help_topics" time="0.456" /><testcase classname="backend.tests.test_help_topics_iter25.TestAdminHelpEndpoints" name="test_admin_help_topics_requires_admin_role" time="0.430" /><testcase classname="backend.tests.test_help_topics_iter25.TestAdminHelpEndpoints" name="test_create_help_topic" time="0.765" /><testcase classname="backend.tests.test_help_topics_iter25.TestAdminHelpEndpoints" name="test_create_help_topic_validation" time="0.441" /><testcase classname="backend.tests.test_help_topics_iter25.TestAdminHelpEndpoints" name="test_update_help_topic" time="0.735" /><testcase classname="backend.tests.test_help_topics_iter25.TestAdminHelpEndpoints" name="test_update_nonexistent_topic" time="0.319" /><testcase classname="backend.tests.test_help_topics_iter25.TestAdminHelpEndpoints" name="test_delete_help_topic" time="0.686" /><testcase classname="backend.tests.test_help_topics_iter25.TestAdminHelpEndpoints" name="test_delete_nonexistent_topic" time="0.402" /><testcase classname="backend.tests.test_help_topics_iter25.TestAdminHelpEndpoints" name="test_get_admin_help_settings" time="0.383" /><testcase classname="backend.tests.test_help_topics_iter25.TestAdminHelpEndpoints" name="test_admin_help_settings_requires_admin" time="0.435" /><testcase classname="backend.tests.test_help_topics_iter25.TestAdminHelpEndpoints" name="test_update_help_settings" time="0.807" /><testcase classname="backend.tests.test_help_topics_iter25.TestAdminHelpEndpoints" name="test_update_help_settings_validation" time="0.361" /><testcase classname="backend.tests.test_help_topics_iter25.TestHelpTopicsSeed" name="test_seeded_topics_exist" time="0.095" /><testcase classname="backend.tests.test_help_topics_iter25.TestHelpTopicsSeed" name="test_seeded_topics_have_correct_icons" time="0.152" /></testsuite></testsuites>