<?xml version="1.0" encoding="utf-8"?><testsuites name="pytest tests"><testsuite name="pytest" errors="0" failures="0" skipped="0" tests="11" time="2.967" timestamp="2026-04-05T14:00:55.251408+00:00" hostname="agent-env-1f4ddc91-dab6-49bd-9c23-e4ba1cc433ff"><testcase classname="backend.tests.test_iteration_38.TestEstHelpTopicsVideoUrl" name="test_get_est_help_topics_returns_video_url_field" time="0.275" /><testcase classname="backend.tests.test_iteration_38.TestEstHelpTopicsVideoUrl" name="test_create_est_help_topic_with_video_url" time="0.287" /><testcase classname="backend.tests.test_iteration_38.TestEstHelpTopicsVideoUrl" name="test_update_est_help_topic_video_url" time="0.384" /><testcase classname="backend.tests.test_iteration_38.TestEstHelpTopicsVideoUrl" name="test_seed_topic_esthelp_seed_01_has_video_url_field" time="0.287" /><testcase classname="backend.tests.test_iteration_38.TestEstHelpTopicsVideoUrl" name="test_public_endpoint_returns_video_url" time="0.217" /><testcase classname="backend.tests.test_iteration_38.TestEstHelpTopicsVideoUrl" name="test_create_topic_without_video_url" time="0.241" /><testcase classname="backend.tests.test_iteration_38.TestEstHelpTopicsVideoUrl" name="test_video_url_with_youtube_format" time="0.238" /><testcase classname="backend.tests.test_iteration_38.TestEstHelpTopicsVideoUrl" name="test_video_url_with_vimeo_format" time="0.299" /><testcase classname="backend.tests.test_iteration_38.TestEstHelpTopicsAdminAccess" name="test_create_requires_admin" time="0.151" /><testcase classname="backend.tests.test_iteration_38.TestEstHelpTopicsAdminAccess" name="test_update_requires_admin" time="0.170" /><testcase classname="backend.tests.test_iteration_38.TestEstHelpTopicsCleanup" name="test_cleanup_test_topics" time="0.162" /></testsuite></testsuites>