<?xml version="1.0" encoding="utf-8"?><testsuites name="pytest tests"><testsuite name="pytest" errors="0" failures="0" skipped="0" tests="13" time="3.893" timestamp="2026-03-28T19:34:17.682137+00:00" hostname="agent-env-1f4ddc91-dab6-49bd-9c23-e4ba1cc433ff"><testcase classname="backend.tests.test_voucher_system.TestHealthCheck" name="test_health_endpoint" time="0.196" /><testcase classname="backend.tests.test_voucher_system.TestClientAuthentication" name="test_client_login" time="0.124" /><testcase classname="backend.tests.test_voucher_system.TestEstablishmentAuthentication" name="test_establishment_login" time="0.118" /><testcase classname="backend.tests.test_voucher_system.TestQRGeneration" name="test_qr_generate_returns_backup_code" time="0.329" /><testcase classname="backend.tests.test_voucher_system.TestQRGeneration" name="test_qr_generate_response_is_json_serializable" time="0.235" /><testcase classname="backend.tests.test_voucher_system.TestQRValidation" name="test_validate_with_backup_code_no_500_error" time="0.465" /><testcase classname="backend.tests.test_voucher_system.TestQRValidation" name="test_validate_with_code_hash" time="0.465" /><testcase classname="backend.tests.test_voucher_system.TestQRValidation" name="test_validate_invalid_code_returns_404" time="0.208" /><testcase classname="backend.tests.test_voucher_system.TestQRValidation" name="test_validate_already_used_returns_400" time="0.550" /><testcase classname="backend.tests.test_voucher_system.TestVouchersMy" name="test_get_my_vouchers_returns_list" time="0.294" /><testcase classname="backend.tests.test_voucher_system.TestVouchersMy" name="test_vouchers_include_offer_and_establishment_info" time="0.251" /><testcase classname="backend.tests.test_voucher_system.TestSalesHistory" name="test_get_sales_history_returns_structure" time="0.247" /><testcase classname="backend.tests.test_voucher_system.TestSalesHistory" name="test_sales_records_have_required_fields" time="0.234" /></testsuite></testsuites>