<?xml version="1.0" encoding="utf-8"?><testsuites name="pytest tests"><testsuite name="pytest" errors="0" failures="0" skipped="0" tests="10" time="1.798" timestamp="2026-04-01T22:31:32.012902+00:00" hostname="agent-env-1f4ddc91-dab6-49bd-9c23-e4ba1cc433ff"><testcase classname="tests.test_cep_structured_address.TestEstablishmentStructuredAddress" name="test_update_establishment_with_structured_address" time="0.284" /><testcase classname="tests.test_cep_structured_address.TestEstablishmentStructuredAddress" name="test_update_syncs_flat_city_neighborhood" time="0.158" /><testcase classname="tests.test_cep_structured_address.TestEstablishmentStructuredAddress" name="test_get_establishment_returns_structured_address" time="0.187" /><testcase classname="tests.test_cep_structured_address.TestOffersFiltersWithStructuredAddress" name="test_offers_filters_returns_cities" time="0.139" /><testcase classname="tests.test_cep_structured_address.TestOffersFiltersWithStructuredAddress" name="test_offers_filters_with_city_param" time="0.194" /><testcase classname="tests.test_cep_structured_address.TestCategoriesWithStructuredAddress" name="test_categories_with_counts_returns_data" time="0.113" /><testcase classname="tests.test_cep_structured_address.TestCategoriesWithStructuredAddress" name="test_categories_with_city_filter" time="0.180" /><testcase classname="tests.test_cep_structured_address.TestViaCEPIntegration" name="test_viacep_valid_cep" time="0.154" /><testcase classname="tests.test_cep_structured_address.TestViaCEPIntegration" name="test_viacep_invalid_cep" time="0.131" /><testcase classname="tests.test_cep_structured_address.TestEstablishmentCreationWithCEP" name="test_create_establishment_with_structured_address" time="0.172" /></testsuite></testsuites>